# JRE version: Java(TM) SE Runtime Environment (23.0.1+11) (build 23.0.1+11-39)
# Java VM: Java HotSpot(TM) 64-Bit Server VM (23.0.1+11-39, mixed mode, emulated-client, sharing, tiered, compressed oops, compressed class ptrs, g1 gc, windows-amd64)
GC Precious Log:
 CardTable entry size: 512
 Card Set container configuration: InlinePtr #cards 5 size 8 Array Of Cards #cards 10 size 36 Howl #buckets 4 coarsen threshold 1843 Howl Bitmap #cards 512 size 80 coarsen threshold 460 Card regions per heap region 1 cards per card region 2048
 CPUs: 8 total, 8 available
 Memory: 7834M
 Large Page Support: Disabled
 NUMA Support: Disabled
 Compressed Oops: Enabled (32-bit)
 Heap Region Size: 1M
 Heap Min Capacity: 8M
 Heap Initial Capacity: 124M
 Heap Max Capacity: 1960M
 Pre-touch: Disabled
 Parallel Workers: 8
 Concurrent Workers: 2
 Concurrent Refinement Workers: 8
 Periodic GC: Disabled
Heap:
 garbage-first heap   total reserved 2007040K, committed 247808K, used 147456K [0x0000000085800000, 0x0000000100000000)
  region size 1024K, 9 young (9216K), 9 survivors (9216K)
 Metaspace       used 77285K, committed 78080K, reserved 1179648K
  class space    used 11688K, committed 12032K, reserved 1048576K
GC Heap History (20 events):
Event: 7.894 GC heap after
{Heap after GC invocations=21 (full 0):
 garbage-first heap   total reserved 2007040K, committed 100352K, used 46059K [0x0000000085800000, 0x0000000100000000)
  region size 1024K, 2 young (2048K), 2 survivors (2048K)
 Metaspace       used 76306K, committed 77120K, reserved 1179648K
  class space    used 11489K, committed 11840K, reserved 1048576K
}
Event: 7.971 GC heap before
{Heap before GC invocations=21 (full 0):
 garbage-first heap   total reserved 2007040K, committed 100352K, used 91115K [0x0000000085800000, 0x0000000100000000)
  region size 1024K, 46 young (47104K), 2 survivors (2048K)
 Metaspace       used 76321K, committed 77120K, reserved 1179648K
  class space    used 11492K, committed 11840K, reserved 1048576K
}
Event: 7.974 GC heap after
{Heap after GC invocations=22 (full 0):
 garbage-first heap   total reserved 2007040K, committed 100352K, used 49824K [0x0000000085800000, 0x0000000100000000)
  region size 1024K, 6 young (6144K), 6 survivors (6144K)
 Metaspace       used 76321K, committed 77120K, reserved 1179648K
  class space    used 11492K, committed 11840K, reserved 1048576K
}
Event: 8.083 GC heap before
{Heap before GC invocations=22 (full 0):
 garbage-first heap   total reserved 2007040K, committed 100352K, used 86688K [0x0000000085800000, 0x0000000100000000)
  region size 1024K, 42 young (43008K), 6 survivors (6144K)
 Metaspace       used 76778K, committed 77568K, reserved 1179648K
  class space    used 11567K, committed 11904K, reserved 1048576K
}
Event: 8.086 GC heap after
{Heap after GC invocations=23 (full 0):
 garbage-first heap   total reserved 2007040K, committed 100352K, used 50384K [0x0000000085800000, 0x0000000100000000)
  region size 1024K, 5 young (5120K), 5 survivors (5120K)
 Metaspace       used 76778K, committed 77568K, reserved 1179648K
  class space    used 11567K, committed 11904K, reserved 1048576K
}
Event: 8.142 GC heap before
{Heap before GC invocations=23 (full 0):
 garbage-first heap   total reserved 2007040K, committed 100352K, used 88272K [0x0000000085800000, 0x0000000100000000)
  region size 1024K, 42 young (43008K), 5 survivors (5120K)
 Metaspace       used 76778K, committed 77568K, reserved 1179648K
  class space    used 11567K, committed 11904K, reserved 1048576K
}
Event: 8.151 GC heap after
{Heap after GC invocations=24 (full 0):
 garbage-first heap   total reserved 2007040K, committed 107520K, used 63999K [0x0000000085800000, 0x0000000100000000)
  region size 1024K, 6 young (6144K), 6 survivors (6144K)
 Metaspace       used 76778K, committed 77568K, reserved 1179648K
  class space    used 11567K, committed 11904K, reserved 1048576K
}
Event: 8.201 GC heap before
{Heap before GC invocations=25 (full 0):
 garbage-first heap   total reserved 2007040K, committed 109568K, used 91647K [0x0000000085800000, 0x0000000100000000)
  region size 1024K, 32 young (32768K), 6 survivors (6144K)
 Metaspace       used 76778K, committed 77568K, reserved 1179648K
  class space    used 11567K, committed 11904K, reserved 1048576K
}
Event: 8.208 GC heap after
{Heap after GC invocations=26 (full 0):
 garbage-first heap   total reserved 2007040K, committed 109568K, used 75415K [0x0000000085800000, 0x0000000100000000)
  region size 1024K, 4 young (4096K), 4 survivors (4096K)
 Metaspace       used 76778K, committed 77568K, reserved 1179648K
  class space    used 11567K, committed 11904K, reserved 1048576K
}
Event: 8.247 GC heap before
{Heap before GC invocations=26 (full 0):
 garbage-first heap   total reserved 2007040K, committed 109568K, used 94871K [0x0000000085800000, 0x0000000100000000)
  region size 1024K, 23 young (23552K), 4 survivors (4096K)
 Metaspace       used 76778K, committed 77568K, reserved 1179648K
  class space    used 11567K, committed 11904K, reserved 1048576K
}
Event: 8.252 GC heap after
{Heap after GC invocations=27 (full 0):
 garbage-first heap   total reserved 2007040K, committed 247808K, used 76773K [0x0000000085800000, 0x0000000100000000)
  region size 1024K, 1 young (1024K), 1 survivors (1024K)
 Metaspace       used 76778K, committed 77568K, reserved 1179648K
  class space    used 11567K, committed 11904K, reserved 1048576K
}
Event: 8.521 GC heap before
{Heap before GC invocations=27 (full 0):
 garbage-first heap   total reserved 2007040K, committed 247808K, used 192485K [0x0000000085800000, 0x0000000100000000)
  region size 1024K, 114 young (116736K), 1 survivors (1024K)
 Metaspace       used 76785K, committed 77568K, reserved 1179648K
  class space    used 11569K, committed 11904K, reserved 1048576K
}
Event: 8.530 GC heap after
{Heap after GC invocations=28 (full 0):
 garbage-first heap   total reserved 2007040K, committed 247808K, used 89521K [0x0000000085800000, 0x0000000100000000)
  region size 1024K, 14 young (14336K), 14 survivors (14336K)
 Metaspace       used 76785K, committed 77568K, reserved 1179648K
  class space    used 11569K, committed 11904K, reserved 1048576K
}
Event: 8.707 GC heap before
{Heap before GC invocations=28 (full 0):
 garbage-first heap   total reserved 2007040K, committed 247808K, used 180657K [0x0000000085800000, 0x0000000100000000)
  region size 1024K, 100 young (102400K), 14 survivors (14336K)
 Metaspace       used 76785K, committed 77568K, reserved 1179648K
  class space    used 11569K, committed 11904K, reserved 1048576K
}
Event: 8.726 GC heap after
{Heap after GC invocations=29 (full 0):
 garbage-first heap   total reserved 2007040K, committed 247808K, used 126282K [0x0000000085800000, 0x0000000100000000)
  region size 1024K, 13 young (13312K), 13 survivors (13312K)
 Metaspace       used 76785K, committed 77568K, reserved 1179648K
  class space    used 11569K, committed 11904K, reserved 1048576K
}
Event: 8.859 GC heap before
{Heap before GC invocations=29 (full 0):
 garbage-first heap   total reserved 2007040K, committed 247808K, used 193866K [0x0000000085800000, 0x0000000100000000)
  region size 1024K, 79 young (80896K), 13 survivors (13312K)
 Metaspace       used 76785K, committed 77568K, reserved 1179648K
  class space    used 11569K, committed 11904K, reserved 1048576K
}
Event: 8.871 GC heap after
{Heap after GC invocations=30 (full 0):
 garbage-first heap   total reserved 2007040K, committed 247808K, used 139776K [0x0000000085800000, 0x0000000100000000)
  region size 1024K, 10 young (10240K), 10 survivors (10240K)
 Metaspace       used 76785K, committed 77568K, reserved 1179648K
  class space    used 11569K, committed 11904K, reserved 1048576K
}
Event: 8.995 GC heap before
{Heap before GC invocations=31 (full 0):
 garbage-first heap   total reserved 2007040K, committed 247808K, used 182784K [0x0000000085800000, 0x0000000100000000)
  region size 1024K, 71 young (72704K), 10 survivors (10240K)
 Metaspace       used 76786K, committed 77568K, reserved 1179648K
  class space    used 11569K, committed 11904K, reserved 1048576K
}
Event: 9.006 GC heap after
{Heap after GC invocations=32 (full 0):
 garbage-first heap   total reserved 2007040K, committed 247808K, used 139195K [0x0000000085800000, 0x0000000100000000)
  region size 1024K, 9 young (9216K), 9 survivors (9216K)
 Metaspace       used 76786K, committed 77568K, reserved 1179648K
  class space    used 11569K, committed 11904K, reserved 1048576K
}
Event: 9.204 GC heap before
{Heap before GC invocations=32 (full 0):
 garbage-first heap   total reserved 2007040K, committed 247808K, used 202683K [0x0000000085800000, 0x0000000100000000)
  region size 1024K, 70 young (71680K), 9 survivors (9216K)
 Metaspace       used 77285K, committed 78080K, reserved 1179648K
  class space    used 11688K, committed 12032K, reserved 1048576K
}

