# JRE version: Java(TM) SE Runtime Environment (23.0.1+11) (build 23.0.1+11-39)
# Java VM: Java HotSpot(TM) 64-Bit Server VM (23.0.1+11-39, mixed mode, emulated-client, sharing, tiered, compressed oops, compressed class ptrs, g1 gc, windows-amd64)
GC Precious Log:
 CardTable entry size: 512
 Card Set container configuration: InlinePtr #cards 5 size 8 Array Of Cards #cards 10 size 36 Howl #buckets 4 coarsen threshold 1843 Howl Bitmap #cards 512 size 80 coarsen threshold 460 Card regions per heap region 1 cards per card region 2048
 CPUs: 8 total, 8 available
 Memory: 7834M
 Large Page Support: Disabled
 NUMA Support: Disabled
 Compressed Oops: Enabled (32-bit)
 Heap Region Size: 1M
 Heap Min Capacity: 8M
 Heap Initial Capacity: 124M
 Heap Max Capacity: 1960M
 Pre-touch: Disabled
 Parallel Workers: 8
 Concurrent Workers: 2
 Concurrent Refinement Workers: 8
 Periodic GC: Disabled
Heap:
 garbage-first heap   total reserved 2007040K, committed 215040K, used 131584K [0x0000000085800000, 0x0000000100000000)
  region size 1024K, 7 young (7168K), 7 survivors (7168K)
 Metaspace       used 76796K, committed 77568K, reserved 1179648K
  class space    used 11568K, committed 11904K, reserved 1048576K
GC Heap History (20 events):
Event: 10.271 GC heap after
{Heap after GC invocations=22 (full 0):
 garbage-first heap   total reserved 2007040K, committed 95232K, used 47573K [0x0000000085800000, 0x0000000100000000)
  region size 1024K, 4 young (4096K), 4 survivors (4096K)
 Metaspace       used 75271K, committed 76032K, reserved 1114112K
  class space    used 11366K, committed 11712K, reserved 1048576K
}
Event: 10.359 GC heap before
{Heap before GC invocations=22 (full 0):
 garbage-first heap   total reserved 2007040K, committed 95232K, used 84437K [0x0000000085800000, 0x0000000100000000)
  region size 1024K, 40 young (40960K), 4 survivors (4096K)
 Metaspace       used 75274K, committed 76032K, reserved 1114112K
  class space    used 11366K, committed 11712K, reserved 1048576K
}
Event: 10.368 GC heap after
{Heap after GC invocations=23 (full 0):
 garbage-first heap   total reserved 2007040K, committed 97280K, used 55891K [0x0000000085800000, 0x0000000100000000)
  region size 1024K, 5 young (5120K), 5 survivors (5120K)
 Metaspace       used 75274K, committed 76032K, reserved 1114112K
  class space    used 11366K, committed 11712K, reserved 1048576K
}
Event: 10.425 GC heap before
{Heap before GC invocations=23 (full 0):
 garbage-first heap   total reserved 2007040K, committed 97280K, used 85587K [0x0000000085800000, 0x0000000100000000)
  region size 1024K, 34 young (34816K), 5 survivors (5120K)
 Metaspace       used 75279K, committed 76032K, reserved 1114112K
  class space    used 11366K, committed 11712K, reserved 1048576K
}
Event: 10.430 GC heap after
{Heap after GC invocations=24 (full 0):
 garbage-first heap   total reserved 2007040K, committed 97280K, used 57740K [0x0000000085800000, 0x0000000100000000)
  region size 1024K, 2 young (2048K), 2 survivors (2048K)
 Metaspace       used 75279K, committed 76032K, reserved 1114112K
  class space    used 11366K, committed 11712K, reserved 1048576K
}
Event: 10.609 GC heap before
{Heap before GC invocations=24 (full 0):
 garbage-first heap   total reserved 2007040K, committed 97280K, used 87436K [0x0000000085800000, 0x0000000100000000)
  region size 1024K, 31 young (31744K), 2 survivors (2048K)
 Metaspace       used 76787K, committed 77504K, reserved 1179648K
  class space    used 11566K, committed 11904K, reserved 1048576K
}
Event: 10.613 GC heap after
{Heap after GC invocations=25 (full 0):
 garbage-first heap   total reserved 2007040K, committed 97280K, used 61695K [0x0000000085800000, 0x0000000100000000)
  region size 1024K, 4 young (4096K), 4 survivors (4096K)
 Metaspace       used 76787K, committed 77504K, reserved 1179648K
  class space    used 11566K, committed 11904K, reserved 1048576K
}
Event: 10.683 GC heap before
{Heap before GC invocations=26 (full 0):
 garbage-first heap   total reserved 2007040K, committed 104448K, used 86271K [0x0000000085800000, 0x0000000100000000)
  region size 1024K, 28 young (28672K), 4 survivors (4096K)
 Metaspace       used 76787K, committed 77504K, reserved 1179648K
  class space    used 11566K, committed 11904K, reserved 1048576K
}
Event: 10.691 GC heap after
{Heap after GC invocations=27 (full 0):
 garbage-first heap   total reserved 2007040K, committed 104448K, used 71421K [0x0000000085800000, 0x0000000100000000)
  region size 1024K, 4 young (4096K), 4 survivors (4096K)
 Metaspace       used 76787K, committed 77504K, reserved 1179648K
  class space    used 11566K, committed 11904K, reserved 1048576K
}
Event: 10.734 GC heap before
{Heap before GC invocations=27 (full 0):
 garbage-first heap   total reserved 2007040K, committed 104448K, used 91901K [0x0000000085800000, 0x0000000100000000)
  region size 1024K, 23 young (23552K), 4 survivors (4096K)
 Metaspace       used 76787K, committed 77504K, reserved 1179648K
  class space    used 11566K, committed 11904K, reserved 1048576K
}
Event: 10.742 GC heap after
{Heap after GC invocations=28 (full 0):
 garbage-first heap   total reserved 2007040K, committed 215040K, used 74752K [0x0000000085800000, 0x0000000100000000)
  region size 1024K, 3 young (3072K), 3 survivors (3072K)
 Metaspace       used 76787K, committed 77504K, reserved 1179648K
  class space    used 11566K, committed 11904K, reserved 1048576K
}
Event: 10.990 GC heap before
{Heap before GC invocations=28 (full 0):
 garbage-first heap   total reserved 2007040K, committed 215040K, used 156672K [0x0000000085800000, 0x0000000100000000)
  region size 1024K, 83 young (84992K), 3 survivors (3072K)
 Metaspace       used 76795K, committed 77568K, reserved 1179648K
  class space    used 11568K, committed 11904K, reserved 1048576K
}
Event: 11.001 GC heap after
{Heap after GC invocations=29 (full 0):
 garbage-first heap   total reserved 2007040K, committed 215040K, used 83968K [0x0000000085800000, 0x0000000100000000)
  region size 1024K, 11 young (11264K), 11 survivors (11264K)
 Metaspace       used 76795K, committed 77568K, reserved 1179648K
  class space    used 11568K, committed 11904K, reserved 1048576K
}
Event: 11.235 GC heap before
{Heap before GC invocations=29 (full 0):
 garbage-first heap   total reserved 2007040K, committed 215040K, used 156672K [0x0000000085800000, 0x0000000100000000)
  region size 1024K, 82 young (83968K), 11 survivors (11264K)
 Metaspace       used 76796K, committed 77568K, reserved 1179648K
  class space    used 11568K, committed 11904K, reserved 1048576K
}
Event: 11.257 GC heap after
{Heap after GC invocations=30 (full 0):
 garbage-first heap   total reserved 2007040K, committed 215040K, used 113082K [0x0000000085800000, 0x0000000100000000)
  region size 1024K, 11 young (11264K), 11 survivors (11264K)
 Metaspace       used 76796K, committed 77568K, reserved 1179648K
  class space    used 11568K, committed 11904K, reserved 1048576K
}
Event: 11.305 GC heap before
{Heap before GC invocations=30 (full 0):
 garbage-first heap   total reserved 2007040K, committed 215040K, used 127418K [0x0000000085800000, 0x0000000100000000)
  region size 1024K, 26 young (26624K), 11 survivors (11264K)
 Metaspace       used 76796K, committed 77568K, reserved 1179648K
  class space    used 11568K, committed 11904K, reserved 1048576K
}
Event: 11.317 GC heap after
{Heap after GC invocations=31 (full 0):
 garbage-first heap   total reserved 2007040K, committed 215040K, used 121344K [0x0000000085800000, 0x0000000100000000)
  region size 1024K, 7 young (7168K), 7 survivors (7168K)
 Metaspace       used 76796K, committed 77568K, reserved 1179648K
  class space    used 11568K, committed 11904K, reserved 1048576K
}
Event: 11.689 GC heap before
{Heap before GC invocations=32 (full 0):
 garbage-first heap   total reserved 2007040K, committed 215040K, used 165376K [0x0000000085800000, 0x0000000100000000)
  region size 1024K, 56 young (57344K), 7 survivors (7168K)
 Metaspace       used 76796K, committed 77568K, reserved 1179648K
  class space    used 11568K, committed 11904K, reserved 1048576K
}
Event: 11.712 GC heap after
{Heap after GC invocations=33 (full 0):
 garbage-first heap   total reserved 2007040K, committed 215040K, used 133632K [0x0000000085800000, 0x0000000100000000)
  region size 1024K, 7 young (7168K), 7 survivors (7168K)
 Metaspace       used 76796K, committed 77568K, reserved 1179648K
  class space    used 11568K, committed 11904K, reserved 1048576K
}
Event: 12.308 GC heap before
{Heap before GC invocations=33 (full 0):
 garbage-first heap   total reserved 2007040K, committed 215040K, used 176640K [0x0000000085800000, 0x0000000100000000)
  region size 1024K, 49 young (50176K), 7 survivors (7168K)
 Metaspace       used 76796K, committed 77568K, reserved 1179648K
  class space    used 11568K, committed 11904K, reserved 1048576K
}

